[Rails::Assist::Logging]
main flow
[Rails::Assist::Logging]
main flow
[Rails::Assist::Logging]
main flow
[Rails::Assist::Logging]
main flow
[Rails::Assist::Logging]
main flow
[Rails::Assist::Logging]
main flow
[Rails::Assist::Logging]
main flow
[Rails::Assist::Logging]
main flow
[Rails::Assist::Logging]
main flow
[Rails::Assist::Logging]
main flow
[Rails::Assist::Logging]
main flow
[Rails::Assist::Logging]
main flow
[Rails::Assist::Logging]
main flow
[Rails::Assist::Logging]
main flow
[Rails::Assist::Logging]
main flow
[Rails::Assist::Logging]
main flow
[Rails::Assist::Logging]
main flow
-- Exception for has_user? user: No file for :model found at location: /Users/Kristian/ruby-code/Gems/auth-assistant/tmp/rails_app/app/models/user.rb
notify_create_users
create_users
[Rails::Assist::Logging]
main flow
Devise users OK
[Rails::Assist::Logging]
main flow
Devise users OK
